<?xml version="1.0" encoding="UTF-8"?>
<!-- Generated by org.testng.reporters.JUnitReportReporter -->
<testsuite skipped="0" hostname="VIGNESH" name="testNG.Googlesample" tests="3" failures="0" timestamp="28 Aug 2019 06:42:03 GMT" time="28.214" errors="0">
  <testcase name="openGoogle" time="2.295" classname="testNG.Googlesample"/>
  <testcase name="openBing" time="2.464" classname="testNG.Googlesample"/>
  <testcase name="openYahoo" time="23.455" classname="testNG.Googlesample"/>
</testsuite> <!-- testNG.Googlesample -->
