<?xml version="1.0" encoding="UTF-8"?>
<!-- Generated by org.testng.reporters.JUnitReportReporter -->
<testsuite skipped="0" hostname="VIGNESH" name="testNG.Correctusername" tests="1" failures="0" timestamp="06 Sep 2019 14:32:18 GMT" time="10.043" errors="0">
  <testcase name="loginCorrectUsername" time="10.043" classname="testNG.Correctusername"/>
</testsuite> <!-- testNG.Correctusername -->
