<?xml version="1.0" encoding="UTF-8"?>
<!-- Generated by org.testng.reporters.JUnitReportReporter -->
<testsuite skipped="0" hostname="VIGNESH" name="testNG.CorrectPassword" tests="1" failures="0" timestamp="06 Sep 2019 14:32:18 GMT" time="8.285" errors="0">
  <testcase name="loginCorrectPassword" time="8.285" classname="testNG.CorrectPassword"/>
</testsuite> <!-- testNG.CorrectPassword -->
