<?xml version="1.0" encoding="UTF-8"?>
<!-- Generated by org.testng.reporters.JUnitReportReporter -->
<testsuite skipped="0" hostname="VIGNESH" name="testNG.SampleTestcase" tests="5" failures="0" timestamp="03 Sep 2019 12:20:47 GMT" time="0.024" errors="0">
  <testcase name="diplomaEce" time="0.003" classname="testNG.SampleTestcase"/>
  <testcase name="engineering" time="0.002" classname="testNG.SampleTestcase"/>
  <testcase name="PG" time="0.001" classname="testNG.SampleTestcase"/>
  <testcase name="higherSecSchool" time="0.001" classname="testNG.SampleTestcase"/>
  <testcase name="highSchool" time="0.017" classname="testNG.SampleTestcase"/>
</testsuite> <!-- testNG.SampleTestcase -->
