<?xml version="1.0" encoding="UTF-8"?>
<!-- Generated by org.testng.reporters.JUnitReportReporter -->
<testsuite skipped="0" hostname="VIGNESH" name="testNG.BothIncorrect" tests="1" failures="0" timestamp="06 Sep 2019 14:32:18 GMT" time="7.288" errors="0">
  <testcase name="loginwithBothIncorrect" time="7.288" classname="testNG.BothIncorrect"/>
</testsuite> <!-- testNG.BothIncorrect -->
