<?xml version="1.0" encoding="UTF-8"?>
<!-- Generated by org.testng.reporters.JUnitReportReporter -->
<testsuite skipped="0" hostname="VIGNESH" name="week8.day1.Practsess1" tests="1" failures="0" timestamp="14 Sep 2019 12:46:05 GMT" time="0.011" errors="0">
  <testcase name="approch1" time="0.011" classname="week8.day1.Practsess1"/>
</testsuite> <!-- week8.day1.Practsess1 -->
